{"contracts/Contract.sol":{"l":{"18":3,"22":0,"23":0,"29":0,"34":0,"38":0,"40":0,"42":0,"47":0,"49":0,"51":0,"52":0,"56":0,"57":0,"58":0,"59":0,"67":0,"71":0,"72":0,"73":0},"path":"/home/roman/Sol_Progects/HW2/contracts/Contract.sol","s":{"1":3,"2":0,"3":0,"4":0,"5":0,"6":0,"7":0,"8":0,"9":0,"10":0,"11":0,"12":0,"13":0,"14":0,"15":0,"16":0,"17":0,"18":0,"19":0},"b":{"1":[0,0],"2":[0,0],"3":[0,0],"4":[0,0],"5":[0,0],"6":[0,0],"7":[0,0],"8":[0,0]},"f":{"1":3,"2":0,"3":0,"4":0,"5":0,"6":0,"7":0},"fnMap":{"1":{"name":"constructor","line":17,"loc":{"start":{"line":17,"column":4},"end":{"line":19,"column":4}}},"2":{"name":"onlyOwner","line":21,"loc":{"start":{"line":21,"column":4},"end":{"line":24,"column":4}}},"3":{"name":"deposit","line":28,"loc":{"start":{"line":28,"column":4},"end":{"line":31,"column":4}}},"4":{"name":"up_token","line":33,"loc":{"start":{"line":33,"column":4},"end":{"line":35,"column":4}}},"5":{"name":"depositToken","line":37,"loc":{"start":{"line":37,"column":4},"end":{"line":53,"column":4}}},"6":{"name":"withdraw","line":55,"loc":{"start":{"line":55,"column":4},"end":{"line":60,"column":4}}},"7":{"name":"withdrawToken","line":62,"loc":{"start":{"line":62,"column":4},"end":{"line":74,"column":4}}}},"statementMap":{"1":{"start":{"line":18,"column":8},"end":{"line":18,"column":25}},"2":{"start":{"line":22,"column":8},"end":{"line":22,"column":35}},"3":{"start":{"line":29,"column":8},"end":{"line":29,"column":37}},"4":{"start":{"line":34,"column":8},"end":{"line":34,"column":26}},"5":{"start":{"line":38,"column":8},"end":{"line":38,"column":65}},"6":{"start":{"line":40,"column":8},"end":{"line":40,"column":72}},"7":{"start":{"line":42,"column":8},"end":{"line":42,"column":1092}},"8":{"start":{"line":47,"column":8},"end":{"line":47,"column":43}},"9":{"start":{"line":49,"column":8},"end":{"line":49,"column":71}},"10":{"start":{"line":51,"column":8},"end":{"line":51,"column":79}},"11":{"start":{"line":52,"column":8},"end":{"line":52,"column":68}},"12":{"start":{"line":56,"column":8},"end":{"line":56,"column":77}},"13":{"start":{"line":57,"column":8},"end":{"line":57,"column":35}},"14":{"start":{"line":58,"column":8},"end":{"line":58,"column":55}},"15":{"start":{"line":59,"column":8},"end":{"line":59,"column":41}},"16":{"start":{"line":67,"column":8},"end":{"line":67,"column":2041}},"17":{"start":{"line":71,"column":8},"end":{"line":71,"column":45}},"18":{"start":{"line":72,"column":8},"end":{"line":72,"column":60}},"19":{"start":{"line":73,"column":8},"end":{"line":73,"column":44}}},"branchMap":{"1":{"line":22,"type":"if","locations":[{"start":{"line":22,"column":8},"end":{"line":22,"column":8}},{"start":{"line":22,"column":8},"end":{"line":22,"column":8}}]},"2":{"line":38,"type":"if","locations":[{"start":{"line":38,"column":8},"end":{"line":38,"column":8}},{"start":{"line":38,"column":8},"end":{"line":38,"column":8}}]},"3":{"line":47,"type":"if","locations":[{"start":{"line":47,"column":8},"end":{"line":47,"column":8}},{"start":{"line":47,"column":8},"end":{"line":47,"column":8}}]},"4":{"line":51,"type":"if","locations":[{"start":{"line":51,"column":8},"end":{"line":51,"column":8}},{"start":{"line":51,"column":8},"end":{"line":51,"column":8}}]},"5":{"line":56,"type":"if","locations":[{"start":{"line":56,"column":8},"end":{"line":56,"column":8}},{"start":{"line":56,"column":8},"end":{"line":56,"column":8}}]},"6":{"line":59,"type":"if","locations":[{"start":{"line":59,"column":8},"end":{"line":59,"column":8}},{"start":{"line":59,"column":8},"end":{"line":59,"column":8}}]},"7":{"line":67,"type":"if","locations":[{"start":{"line":67,"column":8},"end":{"line":67,"column":8}},{"start":{"line":67,"column":8},"end":{"line":67,"column":8}}]},"8":{"line":73,"type":"if","locations":[{"start":{"line":73,"column":8},"end":{"line":73,"column":8}},{"start":{"line":73,"column":8},"end":{"line":73,"column":8}}]}}},"contracts/Token.sol":{"l":{"17":3,"18":3},"path":"/home/roman/Sol_Progects/HW2/contracts/Token.sol","s":{"1":3,"2":3},"b":{},"f":{"1":3},"fnMap":{"1":{"name":"constructor","line":16,"loc":{"start":{"line":16,"column":4},"end":{"line":20,"column":2}}}},"statementMap":{"1":{"start":{"line":17,"column":4},"end":{"line":17,"column":33}},"2":{"start":{"line":18,"column":4},"end":{"line":18,"column":21}}},"branchMap":{}}}